  Administrator.cpp
C:\Users\oneup\source\repos\KyleMoore_Assignment7\KyleMoore_Assignment7\Administrator.cpp(74,19): error C2248: 'KyleMoore::SalariedEmployee::salary': cannot access private member declared in class 'KyleMoore::SalariedEmployee'
C:\Users\oneup\source\repos\KyleMoore_Assignment7\KyleMoore_Assignment7\SalariedEmployee.h(37): message : see declaration of 'KyleMoore::SalariedEmployee::salary'
C:\Users\oneup\source\repos\KyleMoore_Assignment7\KyleMoore_Assignment7\SalariedEmployee.h(28): message : see declaration of 'KyleMoore::SalariedEmployee'
C:\Users\oneup\source\repos\KyleMoore_Assignment7\KyleMoore_Assignment7\Administrator.cpp(81,72): error C2248: 'KyleMoore::SalariedEmployee::salary': cannot access private member declared in class 'KyleMoore::SalariedEmployee'
C:\Users\oneup\source\repos\KyleMoore_Assignment7\KyleMoore_Assignment7\SalariedEmployee.h(37): message : see declaration of 'KyleMoore::SalariedEmployee::salary'
C:\Users\oneup\source\repos\KyleMoore_Assignment7\KyleMoore_Assignment7\SalariedEmployee.h(28): message : see declaration of 'KyleMoore::SalariedEmployee'
  KyleMoore_Assignment7.cpp
  SalariedEmployee.cpp
C:\Users\oneup\source\repos\KyleMoore_Assignment7\KyleMoore_Assignment7\SalariedEmployee.cpp(49,3): error C3861: 'set_net_pay': identifier not found
C:\Users\oneup\source\repos\KyleMoore_Assignment7\KyleMoore_Assignment7\SalariedEmployee.cpp(51,37): error C3861: 'get_name': identifier not found
C:\Users\oneup\source\repos\KyleMoore_Assignment7\KyleMoore_Assignment7\SalariedEmployee.cpp(52,28): error C3861: 'get_net_pay': identifier not found
C:\Users\oneup\source\repos\KyleMoore_Assignment7\KyleMoore_Assignment7\SalariedEmployee.cpp(54,3): error C2146: syntax error: missing ';' before identifier 'cout'
C:\Users\oneup\source\repos\KyleMoore_Assignment7\KyleMoore_Assignment7\SalariedEmployee.cpp(55,34): error C3861: 'get_ssn': identifier not found
C:\Users\oneup\source\repos\KyleMoore_Assignment7\KyleMoore_Assignment7\SalariedEmployee.cpp(58,2): error C2143: syntax error: missing ';' before '}'
  Generating Code...
